mode: set
github.com/triplewhale/postwhale/discovery/config.go:9.52,11.16 2 1
github.com/triplewhale/postwhale/discovery/config.go:11.16,13.3 1 0
github.com/triplewhale/postwhale/discovery/config.go:15.2,16.54 2 1
github.com/triplewhale/postwhale/discovery/config.go:16.54,18.3 1 0
github.com/triplewhale/postwhale/discovery/config.go:20.2,20.21 1 1
github.com/triplewhale/postwhale/discovery/openapi.go:94.54,96.16 2 1
github.com/triplewhale/postwhale/discovery/openapi.go:96.16,98.3 1 0
github.com/triplewhale/postwhale/discovery/openapi.go:100.2,101.52 2 1
github.com/triplewhale/postwhale/discovery/openapi.go:101.52,103.3 1 0
github.com/triplewhale/postwhale/discovery/openapi.go:105.2,105.19 1 1
github.com/triplewhale/postwhale/discovery/openapi.go:109.56,112.41 2 1
github.com/triplewhale/postwhale/discovery/openapi.go:112.41,122.42 2 1
github.com/triplewhale/postwhale/discovery/openapi.go:122.42,123.24 1 1
github.com/triplewhale/postwhale/discovery/openapi.go:123.24,124.13 1 1
github.com/triplewhale/postwhale/discovery/openapi.go:127.4,136.47 2 1
github.com/triplewhale/postwhale/discovery/openapi.go:136.47,143.5 1 0
github.com/triplewhale/postwhale/discovery/openapi.go:146.4,146.36 1 1
github.com/triplewhale/postwhale/discovery/openapi.go:146.36,151.71 2 1
github.com/triplewhale/postwhale/discovery/openapi.go:151.71,156.6 1 1
github.com/triplewhale/postwhale/discovery/openapi.go:160.4,161.58 2 1
github.com/triplewhale/postwhale/discovery/openapi.go:161.58,163.58 2 1
github.com/triplewhale/postwhale/discovery/openapi.go:163.58,168.6 1 1
github.com/triplewhale/postwhale/discovery/openapi.go:169.5,172.6 1 1
github.com/triplewhale/postwhale/discovery/openapi.go:175.4,175.43 1 1
github.com/triplewhale/postwhale/discovery/openapi.go:179.2,179.18 1 1
github.com/triplewhale/postwhale/discovery/openapi.go:183.41,192.27 2 1
github.com/triplewhale/postwhale/discovery/openapi.go:192.27,194.41 2 1
github.com/triplewhale/postwhale/discovery/openapi.go:194.41,196.4 1 1
github.com/triplewhale/postwhale/discovery/openapi.go:199.2,199.22 1 1
github.com/triplewhale/postwhale/discovery/openapi.go:199.22,202.3 2 0
github.com/triplewhale/postwhale/discovery/openapi.go:204.2,204.15 1 1
github.com/triplewhale/postwhale/client/client.go:44.44,47.39 2 1
github.com/triplewhale/postwhale/client/client.go:47.39,49.3 1 1
github.com/triplewhale/postwhale/client/client.go:51.2,51.28 1 1
github.com/triplewhale/postwhale/client/client.go:52.16,53.69 1 1
github.com/triplewhale/postwhale/client/client.go:54.18,55.83 1 1
github.com/triplewhale/postwhale/client/client.go:56.21,57.79 1 1
github.com/triplewhale/postwhale/client/client.go:58.10,59.12 1 0
github.com/triplewhale/postwhale/client/client.go:64.52,67.2 2 0
github.com/triplewhale/postwhale/client/client.go:70.71,75.18 3 1
github.com/triplewhale/postwhale/client/client.go:75.18,77.3 1 0
github.com/triplewhale/postwhale/client/client.go:80.2,85.23 4 1
github.com/triplewhale/postwhale/client/client.go:85.23,87.3 1 1
github.com/triplewhale/postwhale/client/client.go:89.2,90.16 2 1
github.com/triplewhale/postwhale/client/client.go:90.16,95.3 1 0
github.com/triplewhale/postwhale/client/client.go:98.2,98.41 1 1
github.com/triplewhale/postwhale/client/client.go:98.41,100.3 1 1
github.com/triplewhale/postwhale/client/client.go:103.2,105.16 3 1
github.com/triplewhale/postwhale/client/client.go:105.16,110.3 1 1
github.com/triplewhale/postwhale/client/client.go:111.2,115.16 3 1
github.com/triplewhale/postwhale/client/client.go:115.16,123.3 1 0
github.com/triplewhale/postwhale/client/client.go:125.2,131.3 1 1
github.com/triplewhale/postwhale/db/db.go:51.45,53.18 1 1
github.com/triplewhale/postwhale/db/db.go:53.18,55.3 1 0
github.com/triplewhale/postwhale/db/db.go:58.2,59.39 2 1
github.com/triplewhale/postwhale/db/db.go:59.39,61.3 1 1
github.com/triplewhale/postwhale/db/db.go:63.2,64.16 2 1
github.com/triplewhale/postwhale/db/db.go:64.16,66.3 1 0
github.com/triplewhale/postwhale/db/db.go:69.2,69.34 1 1
github.com/triplewhale/postwhale/db/db.go:69.34,72.3 2 0
github.com/triplewhale/postwhale/db/db.go:75.2,120.16 3 1
github.com/triplewhale/postwhale/db/db.go:120.16,123.3 2 0
github.com/triplewhale/postwhale/db/db.go:125.2,125.16 1 1
github.com/triplewhale/postwhale/db/db.go:129.64,131.21 1 1
github.com/triplewhale/postwhale/db/db.go:131.21,133.3 1 1
github.com/triplewhale/postwhale/db/db.go:134.2,134.21 1 1
github.com/triplewhale/postwhale/db/db.go:134.21,136.3 1 1
github.com/triplewhale/postwhale/db/db.go:138.2,142.16 2 1
github.com/triplewhale/postwhale/db/db.go:142.16,144.3 1 0
github.com/triplewhale/postwhale/db/db.go:146.2,146.30 1 1
github.com/triplewhale/postwhale/db/db.go:150.56,152.16 2 1
github.com/triplewhale/postwhale/db/db.go:152.16,154.3 1 1
github.com/triplewhale/postwhale/db/db.go:155.2,159.18 3 1
github.com/triplewhale/postwhale/db/db.go:159.18,161.69 2 1
github.com/triplewhale/postwhale/db/db.go:161.69,163.4 1 0
github.com/triplewhale/postwhale/db/db.go:164.3,164.44 1 1
github.com/triplewhale/postwhale/db/db.go:168.2,168.35 1 1
github.com/triplewhale/postwhale/db/db.go:168.35,170.3 1 0
github.com/triplewhale/postwhale/db/db.go:172.2,172.26 1 1
github.com/triplewhale/postwhale/db/db.go:176.61,178.29 1 1
github.com/triplewhale/postwhale/db/db.go:178.29,180.3 1 1
github.com/triplewhale/postwhale/db/db.go:181.2,181.24 1 1
github.com/triplewhale/postwhale/db/db.go:181.24,183.3 1 1
github.com/triplewhale/postwhale/db/db.go:184.2,184.47 1 1
github.com/triplewhale/postwhale/db/db.go:184.47,186.3 1 1
github.com/triplewhale/postwhale/db/db.go:188.2,192.16 2 1
github.com/triplewhale/postwhale/db/db.go:192.16,194.3 1 0
github.com/triplewhale/postwhale/db/db.go:196.2,196.30 1 1
github.com/triplewhale/postwhale/db/db.go:200.69,205.16 2 1
github.com/triplewhale/postwhale/db/db.go:205.16,207.3 1 1
github.com/triplewhale/postwhale/db/db.go:208.2,212.18 3 1
github.com/triplewhale/postwhale/db/db.go:212.18,214.112 2 0
github.com/triplewhale/postwhale/db/db.go:214.112,216.4 1 0
github.com/triplewhale/postwhale/db/db.go:217.3,217.35 1 0
github.com/triplewhale/postwhale/db/db.go:221.2,221.35 1 1
github.com/triplewhale/postwhale/db/db.go:221.35,223.3 1 0
github.com/triplewhale/postwhale/db/db.go:225.2,225.22 1 1
github.com/triplewhale/postwhale/db/db.go:229.64,231.27 1 1
github.com/triplewhale/postwhale/db/db.go:231.27,233.3 1 1
github.com/triplewhale/postwhale/db/db.go:234.2,234.25 1 1
github.com/triplewhale/postwhale/db/db.go:234.25,236.3 1 1
github.com/triplewhale/postwhale/db/db.go:239.2,248.53 2 1
github.com/triplewhale/postwhale/db/db.go:248.53,250.3 1 1
github.com/triplewhale/postwhale/db/db.go:252.2,256.16 2 1
github.com/triplewhale/postwhale/db/db.go:256.16,258.3 1 0
github.com/triplewhale/postwhale/db/db.go:260.2,260.30 1 1
github.com/triplewhale/postwhale/db/db.go:264.77,269.16 2 1
github.com/triplewhale/postwhale/db/db.go:269.16,271.3 1 1
github.com/triplewhale/postwhale/db/db.go:272.2,276.18 3 1
github.com/triplewhale/postwhale/db/db.go:276.18,278.111 2 0
github.com/triplewhale/postwhale/db/db.go:278.111,280.4 1 0
github.com/triplewhale/postwhale/db/db.go:281.3,281.36 1 0
github.com/triplewhale/postwhale/db/db.go:285.2,285.35 1 1
github.com/triplewhale/postwhale/db/db.go:285.35,287.3 1 0
github.com/triplewhale/postwhale/db/db.go:289.2,289.23 1 1
github.com/triplewhale/postwhale/db/db.go:293.61,295.31 1 1
github.com/triplewhale/postwhale/db/db.go:295.31,297.3 1 1
github.com/triplewhale/postwhale/db/db.go:299.2,303.16 2 0
github.com/triplewhale/postwhale/db/db.go:303.16,305.3 1 0
github.com/triplewhale/postwhale/db/db.go:307.2,307.30 1 0
github.com/triplewhale/postwhale/db/db.go:311.84,320.16 2 1
github.com/triplewhale/postwhale/db/db.go:320.16,322.3 1 1
github.com/triplewhale/postwhale/db/db.go:323.2,327.18 3 1
github.com/triplewhale/postwhale/db/db.go:327.18,329.135 2 0
github.com/triplewhale/postwhale/db/db.go:329.135,331.4 1 0
github.com/triplewhale/postwhale/db/db.go:332.3,332.35 1 0
github.com/triplewhale/postwhale/db/db.go:336.2,336.35 1 1
github.com/triplewhale/postwhale/db/db.go:336.35,338.3 1 0
github.com/triplewhale/postwhale/db/db.go:340.2,340.22 1 1
github.com/triplewhale/postwhale/main.go:8.13,16.2 2 0
github.com/triplewhale/postwhale/scanner/scanner.go:28.49,36.20 2 1
github.com/triplewhale/postwhale/scanner/scanner.go:36.20,39.3 2 1
github.com/triplewhale/postwhale/scanner/scanner.go:42.2,42.53 1 1
github.com/triplewhale/postwhale/scanner/scanner.go:42.53,45.3 2 0
github.com/triplewhale/postwhale/scanner/scanner.go:48.2,49.57 2 1
github.com/triplewhale/postwhale/scanner/scanner.go:49.57,52.3 2 1
github.com/triplewhale/postwhale/scanner/scanner.go:55.2,56.16 2 1
github.com/triplewhale/postwhale/scanner/scanner.go:56.16,59.3 2 0
github.com/triplewhale/postwhale/scanner/scanner.go:62.2,62.32 1 1
github.com/triplewhale/postwhale/scanner/scanner.go:62.32,63.21 1 1
github.com/triplewhale/postwhale/scanner/scanner.go:63.21,64.12 1 0
github.com/triplewhale/postwhale/scanner/scanner.go:67.3,70.21 3 1
github.com/triplewhale/postwhale/scanner/scanner.go:70.21,72.4 1 1
github.com/triplewhale/postwhale/scanner/scanner.go:75.2,75.15 1 1
github.com/triplewhale/postwhale/scanner/scanner.go:79.57,83.16 3 1
github.com/triplewhale/postwhale/scanner/scanner.go:83.16,86.3 1 0
github.com/triplewhale/postwhale/scanner/scanner.go:88.2,99.16 4 1
github.com/triplewhale/postwhale/scanner/scanner.go:99.16,103.3 2 0
github.com/triplewhale/postwhale/scanner/scanner.go:106.2,112.16 4 1
github.com/triplewhale/postwhale/ipc/handler.go:32.41,34.16 2 1
github.com/triplewhale/postwhale/ipc/handler.go:34.16,36.63 1 0
github.com/triplewhale/postwhale/ipc/handler.go:39.2,41.3 1 1
github.com/triplewhale/postwhale/ipc/handler.go:45.33,47.2 1 1
github.com/triplewhale/postwhale/ipc/handler.go:50.65,51.24 1 1
github.com/triplewhale/postwhale/ipc/handler.go:52.23,53.45 1 1
github.com/triplewhale/postwhale/ipc/handler.go:54.25,55.35 1 1
github.com/triplewhale/postwhale/ipc/handler.go:56.26,57.48 1 1
github.com/triplewhale/postwhale/ipc/handler.go:58.21,59.43 1 1
github.com/triplewhale/postwhale/ipc/handler.go:60.22,61.44 1 0
github.com/triplewhale/postwhale/ipc/handler.go:62.24,63.46 1 0
github.com/triplewhale/postwhale/ipc/handler.go:64.27,65.49 1 0
github.com/triplewhale/postwhale/ipc/handler.go:66.10,70.4 1 1
github.com/triplewhale/postwhale/ipc/handler.go:75.73,80.53 2 1
github.com/triplewhale/postwhale/ipc/handler.go:80.53,85.3 1 1
github.com/triplewhale/postwhale/ipc/handler.go:88.2,89.16 2 1
github.com/triplewhale/postwhale/ipc/handler.go:89.16,94.3 1 0
github.com/triplewhale/postwhale/ipc/handler.go:97.2,98.32 2 1
github.com/triplewhale/postwhale/ipc/handler.go:98.32,103.3 1 0
github.com/triplewhale/postwhale/ipc/handler.go:106.2,110.16 2 1
github.com/triplewhale/postwhale/ipc/handler.go:110.16,115.3 1 0
github.com/triplewhale/postwhale/ipc/handler.go:118.2,118.42 1 1
github.com/triplewhale/postwhale/ipc/handler.go:118.42,126.17 2 1
github.com/triplewhale/postwhale/ipc/handler.go:126.17,131.4 1 0
github.com/triplewhale/postwhale/ipc/handler.go:134.3,134.42 1 1
github.com/triplewhale/postwhale/ipc/handler.go:134.42,142.18 2 1
github.com/triplewhale/postwhale/ipc/handler.go:142.18,147.5 1 0
github.com/triplewhale/postwhale/ipc/handler.go:152.2,153.34 2 1
github.com/triplewhale/postwhale/ipc/handler.go:153.34,158.3 1 0
github.com/triplewhale/postwhale/ipc/handler.go:161.2,162.22 2 1
github.com/triplewhale/postwhale/ipc/handler.go:162.22,163.27 1 1
github.com/triplewhale/postwhale/ipc/handler.go:163.27,165.9 2 1
github.com/triplewhale/postwhale/ipc/handler.go:169.2,175.3 1 1
github.com/triplewhale/postwhale/ipc/handler.go:179.55,181.16 2 1
github.com/triplewhale/postwhale/ipc/handler.go:181.16,186.3 1 0
github.com/triplewhale/postwhale/ipc/handler.go:189.2,190.29 2 1
github.com/triplewhale/postwhale/ipc/handler.go:190.29,195.3 1 1
github.com/triplewhale/postwhale/ipc/handler.go:197.2,200.3 1 1
github.com/triplewhale/postwhale/ipc/handler.go:204.76,209.53 2 1
github.com/triplewhale/postwhale/ipc/handler.go:209.53,214.3 1 0
github.com/triplewhale/postwhale/ipc/handler.go:217.2,218.16 2 1
github.com/triplewhale/postwhale/ipc/handler.go:218.16,223.3 1 0
github.com/triplewhale/postwhale/ipc/handler.go:225.2,228.3 1 1
github.com/triplewhale/postwhale/ipc/handler.go:232.71,237.53 2 1
github.com/triplewhale/postwhale/ipc/handler.go:237.53,242.3 1 0
github.com/triplewhale/postwhale/ipc/handler.go:244.2,245.16 2 1
github.com/triplewhale/postwhale/ipc/handler.go:245.16,250.3 1 0
github.com/triplewhale/postwhale/ipc/handler.go:253.2,254.31 2 1
github.com/triplewhale/postwhale/ipc/handler.go:254.31,261.3 1 1
github.com/triplewhale/postwhale/ipc/handler.go:263.2,266.3 1 1
github.com/triplewhale/postwhale/ipc/handler.go:270.72,275.53 2 0
github.com/triplewhale/postwhale/ipc/handler.go:275.53,280.3 1 0
github.com/triplewhale/postwhale/ipc/handler.go:282.2,283.16 2 0
github.com/triplewhale/postwhale/ipc/handler.go:283.16,288.3 1 0
github.com/triplewhale/postwhale/ipc/handler.go:291.2,292.31 2 0
github.com/triplewhale/postwhale/ipc/handler.go:292.31,299.3 1 0
github.com/triplewhale/postwhale/ipc/handler.go:301.2,304.3 1 0
github.com/triplewhale/postwhale/ipc/handler.go:308.74,314.2 1 0
github.com/triplewhale/postwhale/ipc/handler.go:317.77,323.53 2 0
github.com/triplewhale/postwhale/ipc/handler.go:323.53,328.3 1 0
github.com/triplewhale/postwhale/ipc/handler.go:331.2,331.22 1 0
github.com/triplewhale/postwhale/ipc/handler.go:331.22,333.3 1 0
github.com/triplewhale/postwhale/ipc/handler.go:335.2,336.16 2 0
github.com/triplewhale/postwhale/ipc/handler.go:336.16,341.3 1 0
github.com/triplewhale/postwhale/ipc/handler.go:344.2,345.30 2 0
github.com/triplewhale/postwhale/ipc/handler.go:345.30,355.3 1 0
github.com/triplewhale/postwhale/ipc/handler.go:357.2,360.3 1 0
